[2020-05-21T16:08:44.548] [DEBUG] cheese - login => username:zss,password:123456
[2020-05-21T16:08:44.551] [DEBUG] cheese - zss
[2020-05-21T16:09:32.793] [DEBUG] cheese - null
[2020-05-21T16:09:32.793] [DEBUG] cheese - null
[2020-05-21T16:09:51.858] [DEBUG] cheese - login => username:admin,password:123456
[2020-05-21T16:09:51.858] [DEBUG] cheese - admin
[2020-05-21T16:09:51.870] [DEBUG] cheese - null
[2020-05-21T16:09:51.870] [DEBUG] cheese - null
[2020-05-21T16:24:23.121] [DEBUG] cheese - login => username:admin,password:123456
[2020-05-21T16:24:23.121] [DEBUG] cheese - admin
[2020-05-21T16:24:23.128] [DEBUG] cheese - null
[2020-05-21T16:24:23.128] [DEBUG] cheese - null
[2020-05-21T17:03:25.644] [DEBUG] cheese - login => username:admin,password:123456
[2020-05-21T17:03:25.649] [DEBUG] cheese - admin
[2020-05-21T17:03:25.729] [DEBUG] cheese - null
[2020-05-21T17:03:25.730] [DEBUG] cheese - null
[2020-05-21T17:05:21.952] [DEBUG] cheese - login => username:admin,password:123456
[2020-05-21T17:05:21.952] [DEBUG] cheese - admin
[2020-05-21T17:05:21.964] [DEBUG] cheese - null
[2020-05-21T17:05:21.964] [DEBUG] cheese - null
[2020-05-21T17:05:48.261] [DEBUG] cheese - login => username:admin,password:123456
[2020-05-21T17:05:48.261] [DEBUG] cheese - admin
[2020-05-21T17:05:48.271] [DEBUG] cheese - null
[2020-05-21T17:05:48.271] [DEBUG] cheese - null
[2020-05-21T17:58:00.825] [DEBUG] cheese - login => username:admin,password:123456
[2020-05-21T17:58:00.828] [DEBUG] cheese - admin
[2020-05-21T17:58:00.853] [DEBUG] cheese - null
[2020-05-21T17:58:00.854] [DEBUG] cheese - null
[2020-05-21T22:28:45.958] [DEBUG] cheese - login => username:admin,password:123456
[2020-05-21T22:28:45.958] [DEBUG] cheese - admin
[2020-05-21T22:28:45.962] [DEBUG] cheese - null
[2020-05-21T22:28:45.962] [DEBUG] cheese - null
[2020-05-21T23:18:11.549] [DEBUG] cheese - login => username:admin,password:123456
[2020-05-21T23:18:11.549] [DEBUG] cheese - admin
[2020-05-21T23:18:11.554] [DEBUG] cheese - null
[2020-05-21T23:18:11.554] [DEBUG] cheese - null
[2020-05-21T23:18:23.309] [DEBUG] cheese - login => username:admin,password:123456
[2020-05-21T23:18:23.309] [DEBUG] cheese - admin
[2020-05-21T23:18:23.312] [DEBUG] cheese - null
[2020-05-21T23:18:23.312] [DEBUG] cheese - null
[2020-05-21T23:18:31.339] [DEBUG] cheese - login => username:admin,password:123456
[2020-05-21T23:18:31.339] [DEBUG] cheese - admin
[2020-05-21T23:18:31.343] [DEBUG] cheese - null
[2020-05-21T23:18:31.343] [DEBUG] cheese - null
[2020-05-21T23:18:36.919] [DEBUG] cheese - login => username:admin,password:123456
[2020-05-21T23:18:36.919] [DEBUG] cheese - admin
[2020-05-21T23:18:36.921] [DEBUG] cheese - null
[2020-05-21T23:18:36.921] [DEBUG] cheese - null
[2020-05-22T10:20:34.199] [DEBUG] cheese - login => username:admin,password:123456
[2020-05-22T10:20:34.201] [DEBUG] cheese - admin
[2020-05-22T10:20:34.223] [DEBUG] cheese - null
[2020-05-22T10:20:34.224] [DEBUG] cheese - null
